build/app/intermediates/manifest_merge_blame_file/debug/manifest-merger-blame-debug-report.txt
1<?xml version="1.0" encoding="utf-8"?>
2<manifest xmlns:android="http://schemas.android.com/apk/res/android"
3    package="com.example.platzi_trips_app"
4    android:versionCode="1"
5    android:versionName="3.3.0" >
6
7    <uses-sdk
8        android:minSdkVersion="19"
9        android:targetSdkVersion="31" />
10    <!--
11         The INTERNET permission is required for development. Specifically,
12         the Flutter tool needs it to communicate with the running application
13         to allow setting breakpoints, to provide hot reload, etc.
14    -->
15    <uses-permission android:name="android.permission.INTERNET" />
15-->src/debug/AndroidManifest.xml:7:5-66
15-->src/debug/AndroidManifest.xml:7:22-64
16    <uses-permission android:name="android.permission.BLUETOOTH" />
16-->[:flutter_blue] AndroidManifest.xml:7:5-68
16-->[:flutter_blue] AndroidManifest.xml:7:22-65
17    <uses-permission android:name="android.permission.BLUETOOTH_ADMIN" />
17-->[:flutter_blue] AndroidManifest.xml:8:5-74
17-->[:flutter_blue] AndroidManifest.xml:8:22-71
18    <uses-permission android:name="android.permission.ACCESS_FINE_LOCATION" />
18-->[:flutter_blue] AndroidManifest.xml:9:5-79
18-->[:flutter_blue] AndroidManifest.xml:9:22-76
19    <uses-permission android:name="android.permission.ACCESS_NETWORK_STATE" />
19-->[com.google.firebase:firebase-auth:21.0.7] AndroidManifest.xml:24:5-79
19-->[com.google.firebase:firebase-auth:21.0.7] AndroidManifest.xml:24:22-76
20    <uses-permission android:name="android.permission.WAKE_LOCK" />
20-->[com.google.android.gms:play-services-measurement-api:21.1.0] AndroidManifest.xml:24:5-68
20-->[com.google.android.gms:play-services-measurement-api:21.1.0] AndroidManifest.xml:24:22-65
21    <uses-permission android:name="com.google.android.gms.permission.AD_ID" />
21-->[com.google.android.gms:play-services-measurement-api:21.1.0] AndroidManifest.xml:25:5-79
21-->[com.google.android.gms:play-services-measurement-api:21.1.0] AndroidManifest.xml:25:22-76
22    <uses-permission android:name="com.google.android.finsky.permission.BIND_GET_INSTALL_REFERRER_SERVICE" />
22-->[com.google.android.gms:play-services-measurement:21.1.0] AndroidManifest.xml:26:5-110
22-->[com.google.android.gms:play-services-measurement:21.1.0] AndroidManifest.xml:26:22-107
23
24    <application
25        android:name="android.app.Application"
26        android:appComponentFactory="androidx.core.app.CoreComponentFactory"
26-->[androidx.core:core:1.8.0] AndroidManifest.xml:24:18-86
27        android:debuggable="true"
28        android:icon="@mipmap/ic_launcher"
29        android:label="platzi_trips_app" >
30        <activity
31            android:name="com.example.platzi_trips_app.MainActivity"
32            android:configChanges="orientation|keyboardHidden|keyboard|screenSize|smallestScreenSize|locale|layoutDirection|fontScale|screenLayout|density|uiMode"
33            android:exported="true"
34            android:hardwareAccelerated="true"
35            android:launchMode="singleTop"
36            android:theme="@style/LaunchTheme"
37            android:windowSoftInputMode="adjustResize" >
38
39            <!--
40                 Specifies an Android theme to apply to this Activity as soon as
41                 the Android process has started. This theme is visible to the user
42                 while the Flutter UI initializes. After that, this theme continues
43                 to determine the Window background behind the Flutter UI.
44            -->
45            <meta-data
46                android:name="io.flutter.embedding.android.NormalTheme"
47                android:resource="@style/NormalTheme" />
48
49            <intent-filter>
50                <action android:name="android.intent.action.MAIN" />
51
52                <category android:name="android.intent.category.LAUNCHER" />
53            </intent-filter>
54        </activity>
55        <!--
56             Don't delete the meta-data below.
57             This is used by the Flutter tool to generate GeneratedPluginRegistrant.java
58        -->
59        <meta-data
60            android:name="flutterEmbedding"
61            android:value="2" />
62
63        <service
63-->[:firebase_auth] AndroidManifest.xml:8:9-12:19
64            android:name="com.google.firebase.components.ComponentDiscoveryService"
64-->[:firebase_auth] AndroidManifest.xml:8:18-89
65            android:directBootAware="true"
65-->[com.google.firebase:firebase-common:20.1.1] AndroidManifest.xml:35:13-43
66            android:exported="false" >
66-->[com.google.firebase:firebase-analytics-ktx:21.1.0] AndroidManifest.xml:10:13-37
67            <meta-data
67-->[:firebase_auth] AndroidManifest.xml:9:13-11:85
68                android:name="com.google.firebase.components:io.flutter.plugins.firebase.auth.FlutterFirebaseAuthRegistrar"
68-->[:firebase_auth] AndroidManifest.xml:10:17-124
69                android:value="com.google.firebase.components.ComponentRegistrar" />
69-->[:firebase_auth] AndroidManifest.xml:11:17-82
70            <meta-data
70-->[:firebase_storage] AndroidManifest.xml:9:13-11:85
71                android:name="com.google.firebase.components:io.flutter.plugins.firebase.storage.FlutterFirebaseAppRegistrar"
71-->[:firebase_storage] AndroidManifest.xml:10:17-126
72                android:value="com.google.firebase.components.ComponentRegistrar" />
72-->[:firebase_storage] AndroidManifest.xml:11:17-82
73            <meta-data
73-->[:cloud_firestore] AndroidManifest.xml:9:13-11:85
74                android:name="com.google.firebase.components:io.flutter.plugins.firebase.firestore.FlutterFirebaseFirestoreRegistrar"
74-->[:cloud_firestore] AndroidManifest.xml:10:17-134
75                android:value="com.google.firebase.components.ComponentRegistrar" />
75-->[:cloud_firestore] AndroidManifest.xml:11:17-82
76            <meta-data
76-->[:firebase_core] AndroidManifest.xml:9:13-11:85
77                android:name="com.google.firebase.components:io.flutter.plugins.firebase.core.FlutterFirebaseCoreRegistrar"
77-->[:firebase_core] AndroidManifest.xml:10:17-124
78                android:value="com.google.firebase.components.ComponentRegistrar" />
78-->[:firebase_core] AndroidManifest.xml:11:17-82
79            <meta-data
79-->[com.google.firebase:firebase-analytics-ktx:21.1.0] AndroidManifest.xml:11:13-13:85
80                android:name="com.google.firebase.components:com.google.firebase.analytics.ktx.FirebaseAnalyticsKtxRegistrar"
80-->[com.google.firebase:firebase-analytics-ktx:21.1.0] AndroidManifest.xml:12:17-126
81                android:value="com.google.firebase.components.ComponentRegistrar" />
81-->[com.google.firebase:firebase-analytics-ktx:21.1.0] AndroidManifest.xml:13:17-82
82            <meta-data
82-->[com.google.firebase:firebase-common-ktx:20.1.1] AndroidManifest.xml:15:13-17:85
83                android:name="com.google.firebase.components:com.google.firebase.ktx.FirebaseCommonKtxRegistrar"
83-->[com.google.firebase:firebase-common-ktx:20.1.1] AndroidManifest.xml:16:17-113
84                android:value="com.google.firebase.components.ComponentRegistrar" />
84-->[com.google.firebase:firebase-common-ktx:20.1.1] AndroidManifest.xml:17:17-82
85            <meta-data
85-->[com.google.firebase:firebase-auth:21.0.7] AndroidManifest.xml:67:13-69:85
86                android:name="com.google.firebase.components:com.google.firebase.auth.FirebaseAuthRegistrar"
86-->[com.google.firebase:firebase-auth:21.0.7] AndroidManifest.xml:68:17-109
87                android:value="com.google.firebase.components.ComponentRegistrar" />
87-->[com.google.firebase:firebase-auth:21.0.7] AndroidManifest.xml:69:17-82
88            <meta-data
88-->[com.google.firebase:firebase-firestore:24.2.2] AndroidManifest.xml:20:13-22:85
89                android:name="com.google.firebase.components:com.google.firebase.firestore.FirestoreRegistrar"
89-->[com.google.firebase:firebase-firestore:24.2.2] AndroidManifest.xml:21:17-111
90                android:value="com.google.firebase.components.ComponentRegistrar" />
90-->[com.google.firebase:firebase-firestore:24.2.2] AndroidManifest.xml:22:17-82
91            <meta-data
91-->[com.google.firebase:firebase-storage:20.0.1] AndroidManifest.xml:33:13-35:85
92                android:name="com.google.firebase.components:com.google.firebase.storage.StorageRegistrar"
92-->[com.google.firebase:firebase-storage:20.0.1] AndroidManifest.xml:34:17-107
93                android:value="com.google.firebase.components.ComponentRegistrar" />
93-->[com.google.firebase:firebase-storage:20.0.1] AndroidManifest.xml:35:17-82
94            <meta-data
94-->[com.google.android.gms:play-services-measurement-api:21.1.0] AndroidManifest.xml:31:13-33:85
95                android:name="com.google.firebase.components:com.google.firebase.analytics.connector.internal.AnalyticsConnectorRegistrar"
95-->[com.google.android.gms:play-services-measurement-api:21.1.0] AndroidManifest.xml:32:17-139
96                android:value="com.google.firebase.components.ComponentRegistrar" />
96-->[com.google.android.gms:play-services-measurement-api:21.1.0] AndroidManifest.xml:33:17-82
97            <meta-data
97-->[com.google.firebase:firebase-installations:17.0.1] AndroidManifest.xml:18:13-20:85
98                android:name="com.google.firebase.components:com.google.firebase.installations.FirebaseInstallationsRegistrar"
98-->[com.google.firebase:firebase-installations:17.0.1] AndroidManifest.xml:19:17-127
99                android:value="com.google.firebase.components.ComponentRegistrar" />
99-->[com.google.firebase:firebase-installations:17.0.1] AndroidManifest.xml:20:17-82
100        </service>
101
102        <provider
102-->[:image_picker_android] AndroidManifest.xml:8:9-16:20
103            android:name="io.flutter.plugins.imagepicker.ImagePickerFileProvider"
103-->[:image_picker_android] AndroidManifest.xml:9:13-82
104            android:authorities="com.example.platzi_trips_app.flutter.image_provider"
104-->[:image_picker_android] AndroidManifest.xml:10:13-74
105            android:exported="false"
105-->[:image_picker_android] AndroidManifest.xml:11:13-37
106            android:grantUriPermissions="true" >
106-->[:image_picker_android] AndroidManifest.xml:12:13-47
107            <meta-data
107-->[:image_picker_android] AndroidManifest.xml:13:13-15:75
108                android:name="android.support.FILE_PROVIDER_PATHS"
108-->[:image_picker_android] AndroidManifest.xml:14:17-67
109                android:resource="@xml/flutter_image_picker_file_paths" />
109-->[:image_picker_android] AndroidManifest.xml:15:17-72
110        </provider>
111
112        <uses-library
112-->[androidx.window:window:1.0.0-beta04] AndroidManifest.xml:25:9-27:40
113            android:name="androidx.window.extensions"
113-->[androidx.window:window:1.0.0-beta04] AndroidManifest.xml:26:13-54
114            android:required="false" />
114-->[androidx.window:window:1.0.0-beta04] AndroidManifest.xml:27:13-37
115        <uses-library
115-->[androidx.window:window:1.0.0-beta04] AndroidManifest.xml:28:9-30:40
116            android:name="androidx.window.sidecar"
116-->[androidx.window:window:1.0.0-beta04] AndroidManifest.xml:29:13-51
117            android:required="false" />
117-->[androidx.window:window:1.0.0-beta04] AndroidManifest.xml:30:13-37
118
119        <activity
119-->[com.google.firebase:firebase-auth:21.0.7] AndroidManifest.xml:27:9-44:20
120            android:name="com.google.firebase.auth.internal.GenericIdpActivity"
120-->[com.google.firebase:firebase-auth:21.0.7] AndroidManifest.xml:28:13-80
121            android:excludeFromRecents="true"
121-->[com.google.firebase:firebase-auth:21.0.7] AndroidManifest.xml:29:13-46
122            android:exported="true"
122-->[com.google.firebase:firebase-auth:21.0.7] AndroidManifest.xml:30:13-36
123            android:launchMode="singleTask"
123-->[com.google.firebase:firebase-auth:21.0.7] AndroidManifest.xml:31:13-44
124            android:theme="@android:style/Theme.Translucent.NoTitleBar" >
124-->[com.google.firebase:firebase-auth:21.0.7] AndroidManifest.xml:32:13-72
125            <intent-filter>
125-->[com.google.firebase:firebase-auth:21.0.7] AndroidManifest.xml:33:13-43:29
126                <action android:name="android.intent.action.VIEW" />
126-->[com.google.firebase:firebase-auth:21.0.7] AndroidManifest.xml:34:17-69
126-->[com.google.firebase:firebase-auth:21.0.7] AndroidManifest.xml:34:25-66
127
128                <category android:name="android.intent.category.DEFAULT" />
128-->[com.google.firebase:firebase-auth:21.0.7] AndroidManifest.xml:36:17-76
128-->[com.google.firebase:firebase-auth:21.0.7] AndroidManifest.xml:36:27-73
129                <category android:name="android.intent.category.BROWSABLE" />
129-->[com.google.firebase:firebase-auth:21.0.7] AndroidManifest.xml:37:17-78
129-->[com.google.firebase:firebase-auth:21.0.7] AndroidManifest.xml:37:27-75
130
131                <data
131-->[com.google.firebase:firebase-auth:21.0.7] AndroidManifest.xml:39:17-42:51
132                    android:host="firebase.auth"
132-->[com.google.firebase:firebase-auth:21.0.7] AndroidManifest.xml:40:21-49
133                    android:path="/"
133-->[com.google.firebase:firebase-auth:21.0.7] AndroidManifest.xml:41:21-37
134                    android:scheme="genericidp" />
134-->[com.google.firebase:firebase-auth:21.0.7] AndroidManifest.xml:42:21-48
135            </intent-filter>
136        </activity>
137        <activity
137-->[com.google.firebase:firebase-auth:21.0.7] AndroidManifest.xml:45:9-62:20
138            android:name="com.google.firebase.auth.internal.RecaptchaActivity"
138-->[com.google.firebase:firebase-auth:21.0.7] AndroidManifest.xml:46:13-79
139            android:excludeFromRecents="true"
139-->[com.google.firebase:firebase-auth:21.0.7] AndroidManifest.xml:47:13-46
140            android:exported="true"
140-->[com.google.firebase:firebase-auth:21.0.7] AndroidManifest.xml:48:13-36
141            android:launchMode="singleTask"
141-->[com.google.firebase:firebase-auth:21.0.7] AndroidManifest.xml:49:13-44
142            android:theme="@android:style/Theme.Translucent.NoTitleBar" >
142-->[com.google.firebase:firebase-auth:21.0.7] AndroidManifest.xml:50:13-72
143            <intent-filter>
143-->[com.google.firebase:firebase-auth:21.0.7] AndroidManifest.xml:51:13-61:29
144                <action android:name="android.intent.action.VIEW" />
144-->[com.google.firebase:firebase-auth:21.0.7] AndroidManifest.xml:34:17-69
144-->[com.google.firebase:firebase-auth:21.0.7] AndroidManifest.xml:34:25-66
145
146                <category android:name="android.intent.category.DEFAULT" />
146-->[com.google.firebase:firebase-auth:21.0.7] AndroidManifest.xml:36:17-76
146-->[com.google.firebase:firebase-auth:21.0.7] AndroidManifest.xml:36:27-73
147                <category android:name="android.intent.category.BROWSABLE" />
147-->[com.google.firebase:firebase-auth:21.0.7] AndroidManifest.xml:37:17-78
147-->[com.google.firebase:firebase-auth:21.0.7] AndroidManifest.xml:37:27-75
148
149                <data
149-->[com.google.firebase:firebase-auth:21.0.7] AndroidManifest.xml:39:17-42:51
150                    android:host="firebase.auth"
150-->[com.google.firebase:firebase-auth:21.0.7] AndroidManifest.xml:40:21-49
151                    android:path="/"
151-->[com.google.firebase:firebase-auth:21.0.7] AndroidManifest.xml:41:21-37
152                    android:scheme="recaptcha" />
152-->[com.google.firebase:firebase-auth:21.0.7] AndroidManifest.xml:42:21-48
153            </intent-filter>
154        </activity>
155
156        <provider
156-->[com.google.firebase:firebase-common:20.1.1] AndroidManifest.xml:26:9-31:39
157            android:name="com.google.firebase.provider.FirebaseInitProvider"
157-->[com.google.firebase:firebase-common:20.1.1] AndroidManifest.xml:27:13-77
158            android:authorities="com.example.platzi_trips_app.firebaseinitprovider"
158-->[com.google.firebase:firebase-common:20.1.1] AndroidManifest.xml:28:13-72
159            android:directBootAware="true"
159-->[com.google.firebase:firebase-common:20.1.1] AndroidManifest.xml:29:13-43
160            android:exported="false"
160-->[com.google.firebase:firebase-common:20.1.1] AndroidManifest.xml:30:13-37
161            android:initOrder="100" />
161-->[com.google.firebase:firebase-common:20.1.1] AndroidManifest.xml:31:13-36
162
163        <activity
163-->[com.google.android.gms:play-services-auth:20.4.1] AndroidManifest.xml:23:9-27:75
164            android:name="com.google.android.gms.auth.api.signin.internal.SignInHubActivity"
164-->[com.google.android.gms:play-services-auth:20.4.1] AndroidManifest.xml:24:13-93
165            android:excludeFromRecents="true"
165-->[com.google.android.gms:play-services-auth:20.4.1] AndroidManifest.xml:25:13-46
166            android:exported="false"
166-->[com.google.android.gms:play-services-auth:20.4.1] AndroidManifest.xml:26:13-37
167            android:theme="@android:style/Theme.Translucent.NoTitleBar" />
167-->[com.google.android.gms:play-services-auth:20.4.1] AndroidManifest.xml:27:13-72
168        <!--
169            Service handling Google Sign-In user revocation. For apps that do not integrate with
170            Google Sign-In, this service will never be started.
171        -->
172        <service
172-->[com.google.android.gms:play-services-auth:20.4.1] AndroidManifest.xml:33:9-37:51
173            android:name="com.google.android.gms.auth.api.signin.RevocationBoundService"
173-->[com.google.android.gms:play-services-auth:20.4.1] AndroidManifest.xml:34:13-89
174            android:exported="true"
174-->[com.google.android.gms:play-services-auth:20.4.1] AndroidManifest.xml:35:13-36
175            android:permission="com.google.android.gms.auth.api.signin.permission.REVOCATION_NOTIFICATION"
175-->[com.google.android.gms:play-services-auth:20.4.1] AndroidManifest.xml:36:13-107
176            android:visibleToInstantApps="true" />
176-->[com.google.android.gms:play-services-auth:20.4.1] AndroidManifest.xml:37:13-48
177
178        <activity
178-->[com.google.android.gms:play-services-base:18.0.1] AndroidManifest.xml:20:9-22:45
179            android:name="com.google.android.gms.common.api.GoogleApiActivity"
179-->[com.google.android.gms:play-services-base:18.0.1] AndroidManifest.xml:20:19-85
180            android:exported="false"
180-->[com.google.android.gms:play-services-base:18.0.1] AndroidManifest.xml:22:19-43
181            android:theme="@android:style/Theme.Translucent.NoTitleBar" />
181-->[com.google.android.gms:play-services-base:18.0.1] AndroidManifest.xml:21:19-78
182
183        <receiver
183-->[com.google.android.gms:play-services-measurement:21.1.0] AndroidManifest.xml:29:9-33:20
184            android:name="com.google.android.gms.measurement.AppMeasurementReceiver"
184-->[com.google.android.gms:play-services-measurement:21.1.0] AndroidManifest.xml:30:13-85
185            android:enabled="true"
185-->[com.google.android.gms:play-services-measurement:21.1.0] AndroidManifest.xml:31:13-35
186            android:exported="false" >
186-->[com.google.android.gms:play-services-measurement:21.1.0] AndroidManifest.xml:32:13-37
187        </receiver>
188
189        <service
189-->[com.google.android.gms:play-services-measurement:21.1.0] AndroidManifest.xml:35:9-38:40
190            android:name="com.google.android.gms.measurement.AppMeasurementService"
190-->[com.google.android.gms:play-services-measurement:21.1.0] AndroidManifest.xml:36:13-84
191            android:enabled="true"
191-->[com.google.android.gms:play-services-measurement:21.1.0] AndroidManifest.xml:37:13-35
192            android:exported="false" />
192-->[com.google.android.gms:play-services-measurement:21.1.0] AndroidManifest.xml:38:13-37
193        <service
193-->[com.google.android.gms:play-services-measurement:21.1.0] AndroidManifest.xml:39:9-43:72
194            android:name="com.google.android.gms.measurement.AppMeasurementJobService"
194-->[com.google.android.gms:play-services-measurement:21.1.0] AndroidManifest.xml:40:13-87
195            android:enabled="true"
195-->[com.google.android.gms:play-services-measurement:21.1.0] AndroidManifest.xml:41:13-35
196            android:exported="false"
196-->[com.google.android.gms:play-services-measurement:21.1.0] AndroidManifest.xml:42:13-37
197            android:permission="android.permission.BIND_JOB_SERVICE" />
197-->[com.google.android.gms:play-services-measurement:21.1.0] AndroidManifest.xml:43:13-69
198
199        <meta-data
199-->[com.google.android.gms:play-services-basement:18.1.0] AndroidManifest.xml:21:9-23:69
200            android:name="com.google.android.gms.version"
200-->[com.google.android.gms:play-services-basement:18.1.0] AndroidManifest.xml:22:13-58
201            android:value="@integer/google_play_services_version" />
201-->[com.google.android.gms:play-services-basement:18.1.0] AndroidManifest.xml:23:13-66
202    </application>
203
204</manifest>